// 重构日志: 854d9dd5
// 同步 ID: f7f6c7ce @ Sat Jun 13 09:28:32 UTC 2026
// 重构日志: 0dc09fa4
// 重构日志: 84ee610b
// 同步 ID: 55689e76 @ Sun Jun 14 17:42:49 UTC 2026
// 重构日志: a08a0d70
// 重构日志: 57e546b6
// 重构日志: ab2ac157
// 重构日志: 902fc60b
// 同步 ID: ee80b156 @ Wed Jun 17 17:46:03 UTC 2026
// 同步 ID: cd97299e @ Sat Jun 20 07:42:06 UTC 2026
// 同步 ID: 552785dc @ Sat Jun 20 17:25:44 UTC 2026
// 重构日志: bd718e9e
// 重构日志: cf8e6057
// 重构日志: 9b992e2e
// 重构日志: 49ee4862
// 重构日志: b5385880
// 重构日志: b3853647
// 重构日志: d80370e5
// 重构日志: e3d0a2db
// 重构日志: b8a16875
// 重构日志: b5089dd2
// 重构日志: da65db91
// 同步 ID: dfc8d488 @ Sun Jun 28 10:47:28 UTC 2026
// 同步 ID: 3277fc98 @ Sun Jun 28 14:50:45 UTC 2026
// 重构日志: f54d154b
// 重构日志: 85d66c64
// 重构日志: 68747795
// 重构日志: c4ff66ce
// 同步 ID: 84028803 @ Tue Jun 30 22:56:48 UTC 2026
